<?xml version="1.0" encoding="UTF-8"?>
<!-- Generated by org.testng.reporters.JUnitReportReporter -->
<testsuite hostname="DESKTOP-GC4TJ99" failures="0" tests="1" name="democlass.Program_118" time="18.467" errors="0" timestamp="2023-08-30T23:32:26 GMT-07:00" skipped="0">
  <testcase classname="democlass.Program_118" name="TestCase_001" time="18.467">
    <system-out>
      <![CDATA[Logged in successfully]]>
    </system-out>
  </testcase> <!-- TestCase_001 -->
  <system-out>
    <![CDATA[Open the chrome Browser
Login to the ActiTime Application
Logged in successfully
Logout from ActiTime Application
Close the Browser]]>
  </system-out>
</testsuite> <!-- democlass.Program_118 -->
