<?xml version="1.0" encoding="UTF-8"?>
<!-- Generated by org.testng.reporters.JUnitReportReporter -->
<testsuite hostname="DESKTOP-GC4TJ99" failures="0" tests="4" name="AdvanceSelenium.Program_101" time="0.055" errors="0" timestamp="2023-08-28T07:28:10 GMT-07:00" skipped="0">
  <testcase classname="AdvanceSelenium.Program_101" name="B" time="0.032">
    <system-out>
      <![CDATA[B for Ball]]>
    </system-out>
  </testcase> <!-- B -->
  <testcase classname="AdvanceSelenium.Program_101" name="C" time="0.008">
    <system-out>
      <![CDATA[C for Cat]]>
    </system-out>
  </testcase> <!-- C -->
  <testcase classname="AdvanceSelenium.Program_101" name="D" time="0.006">
    <system-out>
      <![CDATA[D for Dog]]>
    </system-out>
  </testcase> <!-- D -->
  <testcase classname="AdvanceSelenium.Program_101" name="A" time="0.009">
    <system-out>
      <![CDATA[A for Apple]]>
    </system-out>
  </testcase> <!-- A -->
  <system-out>
    <![CDATA[B for Ball
A for Apple
C for Cat
D for Dog]]>
  </system-out>
</testsuite> <!-- AdvanceSelenium.Program_101 -->
