<?xml version="1.0" encoding="UTF-8"?>
<!-- Generated by org.testng.reporters.JUnitReportReporter -->
<testsuite hostname="DESKTOP-GC4TJ99" failures="0" tests="3" name="AdvanceSelenium.Program_103" time="0.046" errors="0" timestamp="2023-08-28T07:46:36 GMT-07:00" skipped="0">
  <testcase classname="AdvanceSelenium.Program_103" name="CreateCustomer" time="0.030">
    <system-out>
      <![CDATA[Create the Customer]]>
    </system-out>
  </testcase> <!-- CreateCustomer -->
  <testcase classname="AdvanceSelenium.Program_103" name="ModifyCustomer" time="0.008">
    <system-out>
      <![CDATA[Modify the Customer]]>
    </system-out>
  </testcase> <!-- ModifyCustomer -->
  <testcase classname="AdvanceSelenium.Program_103" name="DeleteCustomer" time="0.008">
    <system-out>
      <![CDATA[Delete the Customer]]>
    </system-out>
  </testcase> <!-- DeleteCustomer -->
  <system-out>
    <![CDATA[Create the Customer
Modify the Customer
Delete the Customer]]>
  </system-out>
</testsuite> <!-- AdvanceSelenium.Program_103 -->
