<?xml version="1.0" encoding="UTF-8"?>
<!-- Generated by org.testng.reporters.JUnitReportReporter -->
<testsuite hostname="DESKTOP-GC4TJ99" failures="0" tests="1" name="AdvanceSelenium.Program_110" time="32.630" errors="0" timestamp="2023-08-29T00:48:56 GMT-07:00" skipped="0">
  <testcase classname="AdvanceSelenium.Program_110" name="Testcase_001" time="32.630">
    <system-out>
      <![CDATA[The Test case is Fail]]>
    </system-out>
  </testcase> <!-- Testcase_001 -->
  <system-out>
    <![CDATA[The Test case is Fail]]>
  </system-out>
</testsuite> <!-- AdvanceSelenium.Program_110 -->
