<?xml version="1.0" encoding="UTF-8"?>
<!-- Generated by org.testng.reporters.JUnitReportReporter -->
<testsuite hostname="DESKTOP-GC4TJ99" failures="0" tests="1" name="advanceSelenium.Program_112" time="70.845" errors="0" timestamp="2023-09-18T03:27:46 GMT-07:00" skipped="0">
  <testcase classname="advanceSelenium.Program_112" name="Testcase_001" time="70.845">
    <system-out>
      <![CDATA[The Test Case is Pass]]>
    </system-out>
  </testcase> <!-- Testcase_001 -->
  <system-out>
    <![CDATA[The Test Case is Pass]]>
  </system-out>
</testsuite> <!-- advanceSelenium.Program_112 -->
