<?xml version="1.0" encoding="UTF-8"?>
<!-- Generated by org.testng.reporters.JUnitReportReporter -->
<testsuite hostname="DESKTOP-GC4TJ99" failures="0" tests="3" name="AdvanceSelenium.Program_109" time="0.054" errors="0" timestamp="2023-09-04T05:53:07 GMT-07:00" skipped="0">
  <testcase classname="AdvanceSelenium.Program_109" name="Tc_008" time="0.006">
    <system-out>
      <![CDATA[Testcase-8]]>
    </system-out>
  </testcase> <!-- Tc_008 -->
  <testcase classname="AdvanceSelenium.Program_109" name="Tc_009" time="0.009">
    <system-out>
      <![CDATA[Testcase-9]]>
    </system-out>
  </testcase> <!-- Tc_009 -->
  <testcase classname="AdvanceSelenium.Program_109" name="Tc_007" time="0.039">
    <system-out>
      <![CDATA[Testcase-7]]>
    </system-out>
  </testcase> <!-- Tc_007 -->
  <system-out>
    <![CDATA[Testcase-7
Testcase-8
Testcase-9
Testcase-4
Testcase-5
Testcase-6
Testcase-1
Testcase-2
Testcase-3]]>
  </system-out>
</testsuite> <!-- AdvanceSelenium.Program_109 -->
