<?xml version="1.0" encoding="UTF-8"?>
<!-- Generated by org.testng.reporters.JUnitReportReporter -->
<testsuite hostname="DESKTOP-GC4TJ99" failures="0" tests="3" name="AdvanceSelenium.Problem_098" time="0.115" errors="0" timestamp="2023-08-28T07:12:08 GMT-07:00" skipped="0">
  <testcase classname="AdvanceSelenium.Problem_098" name="A" time="0.072">
    <system-out>
      <![CDATA[A for Apple]]>
    </system-out>
  </testcase> <!-- A -->
  <testcase classname="AdvanceSelenium.Problem_098" name="x" time="0.032">
    <system-out>
      <![CDATA[x for xylophone]]>
    </system-out>
  </testcase> <!-- x -->
  <testcase classname="AdvanceSelenium.Problem_098" name="z" time="0.011">
    <system-out>
      <![CDATA[z for zebra]]>
    </system-out>
  </testcase> <!-- z -->
  <system-out>
    <![CDATA[A for Apple
x for xylophone
z for zebra]]>
  </system-out>
</testsuite> <!-- AdvanceSelenium.Problem_098 -->
