<?xml version="1.0" encoding="UTF-8"?>
<!-- Generated by org.testng.reporters.JUnitReportReporter -->
<testsuite hostname="DESKTOP-GC4TJ99" failures="0" tests="2" name="democlass.Program_117" time="0.048" errors="0" timestamp="2023-08-30T22:54:14 GMT-07:00" skipped="0">
  <testcase classname="democlass.Program_117" name="Testcase_002" time="0.013">
    <system-out>
      <![CDATA[TestCase_002]]>
    </system-out>
  </testcase> <!-- Testcase_002 -->
  <testcase classname="democlass.Program_117" name="Testcase_001" time="0.035">
    <system-out>
      <![CDATA[TestCase_001]]>
    </system-out>
  </testcase> <!-- Testcase_001 -->
  <system-out>
    <![CDATA[Open the browser
Login
TestCase_001
Logout
Login
TestCase_002
Logout
Close]]>
  </system-out>
</testsuite> <!-- democlass.Program_117 -->
