<?xml version="1.0" encoding="UTF-8"?>
<!-- Generated by org.testng.reporters.JUnitReportReporter -->
<testsuite hostname="DESKTOP-GC4TJ99" failures="0" tests="5" name="AdvanceSelenium.Program_121" time="125.137" errors="0" timestamp="2023-09-04T06:50:13 GMT-07:00" skipped="0">
  <testcase classname="AdvanceSelenium.Program_121" name="Tc_006" time="40.247">
    <system-out>
      <![CDATA[TestCase_06]]>
    </system-out>
  </testcase> <!-- Tc_006 -->
  <testcase classname="AdvanceSelenium.Program_121" name="Tc_008" time="10.248">
    <system-out>
      <![CDATA[TestCase_08]]>
    </system-out>
  </testcase> <!-- Tc_008 -->
  <testcase classname="AdvanceSelenium.Program_121" name="Tc_007" time="35.477">
    <system-out>
      <![CDATA[TestCase_07]]>
    </system-out>
  </testcase> <!-- Tc_007 -->
  <testcase classname="AdvanceSelenium.Program_121" name="Tc_009" time="10.856">
    <system-out>
      <![CDATA[TestCase_09]]>
    </system-out>
  </testcase> <!-- Tc_009 -->
  <testcase classname="AdvanceSelenium.Program_121" name="Tc_010" time="28.309">
    <system-out>
      <![CDATA[TestCase_10]]>
    </system-out>
  </testcase> <!-- Tc_010 -->
  <system-out>
    <![CDATA[TestCase_16
TestCase_17
TestCase_018
TestCase_11
TestCase_012
TestCase_013
TestCase_014
TestCase_015
TestCase_06
TestCase_07
TestCase_08
TestCase_09
TestCase_10
TestCase_01
TestCase_02
TestCase_03
TestCase_04
TestCase_05]]>
  </system-out>
</testsuite> <!-- AdvanceSelenium.Program_121 -->
