<?xml version="1.0" encoding="UTF-8"?>
<!-- Generated by org.testng.reporters.JUnitReportReporter -->
<testsuite hostname="DESKTOP-GC4TJ99" failures="0" tests="3" name="AdvanceSelenium.Program_105" time="0.110" errors="0" timestamp="2023-08-29T00:23:02 GMT-07:00" skipped="0">
  <testcase classname="AdvanceSelenium.Program_105" name="Testcase_006" time="0.004">
    <system-out>
      <![CDATA[Testcase_006]]>
    </system-out>
  </testcase> <!-- Testcase_006 -->
  <testcase classname="AdvanceSelenium.Program_105" name="Testcase_004" time="0.100">
    <system-out>
      <![CDATA[Testcase_004]]>
    </system-out>
  </testcase> <!-- Testcase_004 -->
  <testcase classname="AdvanceSelenium.Program_105" name="Testcase_005" time="0.006">
    <system-out>
      <![CDATA[Testcase_005]]>
    </system-out>
  </testcase> <!-- Testcase_005 -->
  <system-out>
    <![CDATA[Testcase_004
Testcase_005
Testcase_006
Testcase_001
Testcase_002
Testcase_003
Testcase_007
Testcase_008
Testcase_009]]>
  </system-out>
</testsuite> <!-- AdvanceSelenium.Program_105 -->
