<?xml version="1.0" encoding="UTF-8"?>
<!-- Generated by org.testng.reporters.JUnitReportReporter -->
<testsuite hostname="DESKTOP-GC4TJ99" failures="0" tests="1" name="AdvanceSelenium.Program_97" time="0.073" errors="0" timestamp="2023-08-26T07:00:43 GMT-07:00" skipped="0">
  <testcase classname="AdvanceSelenium.Program_97" name="Testcases_001" time="0.073">
    <system-out>
      <![CDATA[Hello
Enna Pandra
Saptiya]]>
    </system-out>
  </testcase> <!-- Testcases_001 -->
  <system-out>
    <![CDATA[Hello
Enna Pandra
Saptiya]]>
  </system-out>
</testsuite> <!-- AdvanceSelenium.Program_97 -->
