<?xml version="1.0" encoding="UTF-8"?>
<!-- Generated by org.testng.reporters.JUnitReportReporter -->
<testsuite hostname="DESKTOP-GC4TJ99" failures="0" tests="3" name="AdvanceSelenium.Program_123" time="150.954" errors="0" timestamp="2023-09-04T06:50:13 GMT-07:00" skipped="0">
  <testcase classname="AdvanceSelenium.Program_123" name="Tc_018" time="36.734">
    <system-out>
      <![CDATA[TestCase_018]]>
    </system-out>
  </testcase> <!-- Tc_018 -->
  <testcase classname="AdvanceSelenium.Program_123" name="Tc_016" time="51.679">
    <system-out>
      <![CDATA[TestCase_16]]>
    </system-out>
  </testcase> <!-- Tc_016 -->
  <testcase classname="AdvanceSelenium.Program_123" name="Tc_017" time="62.541">
    <system-out>
      <![CDATA[TestCase_17]]>
    </system-out>
  </testcase> <!-- Tc_017 -->
  <system-out>
    <![CDATA[TestCase_16
TestCase_17
TestCase_018
TestCase_11
TestCase_012
TestCase_013
TestCase_014
TestCase_015
TestCase_06
TestCase_07
TestCase_08
TestCase_09
TestCase_10
TestCase_01
TestCase_02
TestCase_03
TestCase_04
TestCase_05]]>
  </system-out>
</testsuite> <!-- AdvanceSelenium.Program_123 -->
