<?xml version="1.0" encoding="UTF-8"?>
<!-- Generated by org.testng.reporters.JUnitReportReporter -->
<testsuite hostname="DESKTOP-GC4TJ99" failures="0" tests="3" name="AdvanceSelenium.Program_107" time="0.032" errors="0" timestamp="2023-09-04T05:53:07 GMT-07:00" skipped="0">
  <testcase classname="AdvanceSelenium.Program_107" name="Tc_001" time="0.007">
    <system-out>
      <![CDATA[Testcase-1]]>
    </system-out>
  </testcase> <!-- Tc_001 -->
  <testcase classname="AdvanceSelenium.Program_107" name="Tc_002" time="0.005">
    <system-out>
      <![CDATA[Testcase-2]]>
    </system-out>
  </testcase> <!-- Tc_002 -->
  <testcase classname="AdvanceSelenium.Program_107" name="Tc_003" time="0.020">
    <system-out>
      <![CDATA[Testcase-3]]>
    </system-out>
  </testcase> <!-- Tc_003 -->
  <system-out>
    <![CDATA[Testcase-7
Testcase-8
Testcase-9
Testcase-4
Testcase-5
Testcase-6
Testcase-1
Testcase-2
Testcase-3]]>
  </system-out>
</testsuite> <!-- AdvanceSelenium.Program_107 -->
