<?xml version="1.0" encoding="UTF-8"?>
<!-- Generated by org.testng.reporters.JUnitReportReporter -->
<testsuite hostname="DESKTOP-GC4TJ99" failures="0" tests="3" name="AdvanceSelenium.Program_106" time="0.020" errors="0" timestamp="2023-08-29T00:23:02 GMT-07:00" skipped="0">
  <testcase classname="AdvanceSelenium.Program_106" name="Testcase_009" time="0.005">
    <system-out>
      <![CDATA[Testcase_009]]>
    </system-out>
  </testcase> <!-- Testcase_009 -->
  <testcase classname="AdvanceSelenium.Program_106" name="Testcase_007" time="0.004">
    <system-out>
      <![CDATA[Testcase_007]]>
    </system-out>
  </testcase> <!-- Testcase_007 -->
  <testcase classname="AdvanceSelenium.Program_106" name="Testcase_008" time="0.011">
    <system-out>
      <![CDATA[Testcase_008]]>
    </system-out>
  </testcase> <!-- Testcase_008 -->
  <system-out>
    <![CDATA[Testcase_004
Testcase_005
Testcase_006
Testcase_001
Testcase_002
Testcase_003
Testcase_007
Testcase_008
Testcase_009]]>
  </system-out>
</testsuite> <!-- AdvanceSelenium.Program_106 -->
