<?xml version="1.0" encoding="UTF-8"?>
<!-- Generated by org.testng.reporters.JUnitReportReporter -->
<testsuite hostname="DESKTOP-GC4TJ99" failures="0" tests="15" name="AdvanceSelenium.Program_100" time="0.145" errors="0" timestamp="2023-08-28T07:23:07 GMT-07:00" skipped="0">
  <testcase classname="AdvanceSelenium.Program_100" name="GT" time="0.009">
    <system-out>
      <![CDATA[Gujarat Titans]]>
    </system-out>
  </testcase> <!-- GT -->
  <testcase classname="AdvanceSelenium.Program_100" name="KKR" time="0.014">
    <system-out>
      <![CDATA[Kolkata knight Riders]]>
    </system-out>
  </testcase> <!-- KKR -->
  <testcase classname="AdvanceSelenium.Program_100" name="MI" time="0.005">
    <system-out>
      <![CDATA[Mumbai Indians]]>
    </system-out>
  </testcase> <!-- MI -->
  <testcase classname="AdvanceSelenium.Program_100" name="MI" time="0.005">
    <system-out>
      <![CDATA[Mumbai Indians]]>
    </system-out>
  </testcase> <!-- MI -->
  <testcase classname="AdvanceSelenium.Program_100" name="MI" time="0.006">
    <system-out>
      <![CDATA[Mumbai Indians]]>
    </system-out>
  </testcase> <!-- MI -->
  <testcase classname="AdvanceSelenium.Program_100" name="KKR" time="0.013">
    <system-out>
      <![CDATA[Kolkata knight Riders]]>
    </system-out>
  </testcase> <!-- KKR -->
  <testcase classname="AdvanceSelenium.Program_100" name="SRH" time="0.009">
    <system-out>
      <![CDATA[Sun Rises Hyderabad]]>
    </system-out>
  </testcase> <!-- SRH -->
  <testcase classname="AdvanceSelenium.Program_100" name="MI" time="0.007">
    <system-out>
      <![CDATA[Mumbai Indians]]>
    </system-out>
  </testcase> <!-- MI -->
  <testcase classname="AdvanceSelenium.Program_100" name="CSK" time="0.008">
    <system-out>
      <![CDATA[Chennai super kings]]>
    </system-out>
  </testcase> <!-- CSK -->
  <testcase classname="AdvanceSelenium.Program_100" name="CSK" time="0.011">
    <system-out>
      <![CDATA[Chennai super kings]]>
    </system-out>
  </testcase> <!-- CSK -->
  <testcase classname="AdvanceSelenium.Program_100" name="SRH" time="0.005">
    <system-out>
      <![CDATA[Sun Rises Hyderabad]]>
    </system-out>
  </testcase> <!-- SRH -->
  <testcase classname="AdvanceSelenium.Program_100" name="MI" time="0.009">
    <system-out>
      <![CDATA[Mumbai Indians]]>
    </system-out>
  </testcase> <!-- MI -->
  <testcase classname="AdvanceSelenium.Program_100" name="CSK" time="0.007">
    <system-out>
      <![CDATA[Chennai super kings]]>
    </system-out>
  </testcase> <!-- CSK -->
  <testcase classname="AdvanceSelenium.Program_100" name="CSK" time="0.008">
    <system-out>
      <![CDATA[Chennai super kings]]>
    </system-out>
  </testcase> <!-- CSK -->
  <testcase classname="AdvanceSelenium.Program_100" name="CSK" time="0.029">
    <system-out>
      <![CDATA[Chennai super kings]]>
    </system-out>
  </testcase> <!-- CSK -->
  <system-out>
    <![CDATA[Chennai super kings
Chennai super kings
Chennai super kings
Chennai super kings
Chennai super kings
Gujarat Titans
Kolkata knight Riders
Kolkata knight Riders
Mumbai Indians
Mumbai Indians
Mumbai Indians
Mumbai Indians
Mumbai Indians
Sun Rises Hyderabad
Sun Rises Hyderabad]]>
  </system-out>
</testsuite> <!-- AdvanceSelenium.Program_100 -->
