<?xml version="1.0" encoding="UTF-8"?>
<!-- Generated by org.testng.reporters.JUnitReportReporter -->
<testsuite hostname="DESKTOP-GC4TJ99" failures="0" tests="3" name="AdvanceSelenium.Program_108$Program_107" time="0.020" errors="0" timestamp="2023-09-04T05:53:07 GMT-07:00" skipped="0">
  <testcase classname="AdvanceSelenium.Program_108$Program_107" name="Tc_006" time="0.004">
    <system-out>
      <![CDATA[Testcase-6]]>
    </system-out>
  </testcase> <!-- Tc_006 -->
  <testcase classname="AdvanceSelenium.Program_108$Program_107" name="Tc_004" time="0.010">
    <system-out>
      <![CDATA[Testcase-4]]>
    </system-out>
  </testcase> <!-- Tc_004 -->
  <testcase classname="AdvanceSelenium.Program_108$Program_107" name="Tc_005" time="0.006">
    <system-out>
      <![CDATA[Testcase-5]]>
    </system-out>
  </testcase> <!-- Tc_005 -->
  <system-out>
    <![CDATA[Testcase-7
Testcase-8
Testcase-9
Testcase-4
Testcase-5
Testcase-6
Testcase-1
Testcase-2
Testcase-3]]>
  </system-out>
</testsuite> <!-- AdvanceSelenium.Program_108$Program_107 -->
