<?xml version="1.0" encoding="UTF-8"?>
<!-- Generated by org.testng.reporters.JUnitReportReporter -->
<testsuite hostname="DESKTOP-GC4TJ99" failures="0" tests="5" name="AdvanceSelenium.Program_120" time="121.740" errors="0" timestamp="2023-09-04T06:50:13 GMT-07:00" skipped="0">
  <testcase classname="AdvanceSelenium.Program_120" name="Tc_004" time="29.134">
    <system-out>
      <![CDATA[TestCase_04]]>
    </system-out>
  </testcase> <!-- Tc_004 -->
  <testcase classname="AdvanceSelenium.Program_120" name="Tc_003" time="10.714">
    <system-out>
      <![CDATA[TestCase_03]]>
    </system-out>
  </testcase> <!-- Tc_003 -->
  <testcase classname="AdvanceSelenium.Program_120" name="Tc_002" time="15.117">
    <system-out>
      <![CDATA[TestCase_02]]>
    </system-out>
  </testcase> <!-- Tc_002 -->
  <testcase classname="AdvanceSelenium.Program_120" name="Tc_001" time="47.572">
    <system-out>
      <![CDATA[TestCase_01]]>
    </system-out>
  </testcase> <!-- Tc_001 -->
  <testcase classname="AdvanceSelenium.Program_120" name="Tc_005" time="19.203">
    <system-out>
      <![CDATA[TestCase_05]]>
    </system-out>
  </testcase> <!-- Tc_005 -->
  <system-out>
    <![CDATA[TestCase_16
TestCase_17
TestCase_018
TestCase_11
TestCase_012
TestCase_013
TestCase_014
TestCase_015
TestCase_06
TestCase_07
TestCase_08
TestCase_09
TestCase_10
TestCase_01
TestCase_02
TestCase_03
TestCase_04
TestCase_05]]>
  </system-out>
</testsuite> <!-- AdvanceSelenium.Program_120 -->
