<?xml version="1.0" encoding="UTF-8"?>
<!-- Generated by org.testng.reporters.JUnitReportReporter -->
<testsuite hostname="DESKTOP-GC4TJ99" failures="0" tests="4" name="AdvanceSelenium.Program_099" time="0.091" errors="0" timestamp="2023-08-28T07:17:11 GMT-07:00" skipped="0">
  <testcase classname="AdvanceSelenium.Program_099" name="B" time="0.061">
    <system-out>
      <![CDATA[B for Ball]]>
    </system-out>
  </testcase> <!-- B -->
  <testcase classname="AdvanceSelenium.Program_099" name="A" time="0.009">
    <system-out>
      <![CDATA[A for Apple]]>
    </system-out>
  </testcase> <!-- A -->
  <testcase classname="AdvanceSelenium.Program_099" name="C" time="0.012">
    <system-out>
      <![CDATA[C for Cat]]>
    </system-out>
  </testcase> <!-- C -->
  <testcase classname="AdvanceSelenium.Program_099" name="D" time="0.009">
    <system-out>
      <![CDATA[D for Dog]]>
    </system-out>
  </testcase> <!-- D -->
  <system-out>
    <![CDATA[B for Ball
A for Apple
C for Cat
D for Dog]]>
  </system-out>
</testsuite> <!-- AdvanceSelenium.Program_099 -->
