<?xml version="1.0" encoding="UTF-8"?>
<!-- Generated by org.testng.reporters.JUnitReportReporter -->
<testsuite hostname="DESKTOP-GC4TJ99" failures="0" tests="2" name="AdvanceSelenium.Program_115" time="0.071" errors="0" timestamp="2023-08-30T01:10:23 GMT-07:00" skipped="0">
  <testcase classname="AdvanceSelenium.Program_115" name="CreateCustomer" time="0.043">
    <system-out>
      <![CDATA[Create the customer]]>
    </system-out>
  </testcase> <!-- CreateCustomer -->
  <testcase classname="AdvanceSelenium.Program_115" name="DeleteCustomer" time="0.028">
    <system-out>
      <![CDATA[Delete the customer]]>
    </system-out>
  </testcase> <!-- DeleteCustomer -->
  <system-out>
    <![CDATA[Open the Browser
Login
Create the customer
Logout
Login
Delete the customer
Logout
Close the Browser]]>
  </system-out>
</testsuite> <!-- AdvanceSelenium.Program_115 -->
