<?xml version="1.0" encoding="UTF-8"?>
<!-- Generated by org.testng.reporters.JUnitReportReporter -->
<testsuite hostname="DESKTOP-GC4TJ99" failures="0" tests="9" name="AdvanceSelenium.Program_102" time="0.108" errors="0" timestamp="2023-08-28T07:41:46 GMT-07:00" skipped="0">
  <testcase classname="AdvanceSelenium.Program_102" name="Willamson" time="0.006">
    <system-out>
      <![CDATA[newZealand]]>
    </system-out>
  </testcase> <!-- Willamson -->
  <testcase classname="AdvanceSelenium.Program_102" name="Willamson" time="0.005">
    <system-out>
      <![CDATA[newZealand]]>
    </system-out>
  </testcase> <!-- Willamson -->
  <testcase classname="AdvanceSelenium.Program_102" name="Willamson" time="0.011">
    <system-out>
      <![CDATA[newZealand]]>
    </system-out>
  </testcase> <!-- Willamson -->
  <testcase classname="AdvanceSelenium.Program_102" name="Azam" time="0.044">
    <system-out>
      <![CDATA[Pakistan]]>
    </system-out>
  </testcase> <!-- Azam -->
  <testcase classname="AdvanceSelenium.Program_102" name="Gayle" time="0.008">
    <system-out>
      <![CDATA[W-Indies]]>
    </system-out>
  </testcase> <!-- Gayle -->
  <testcase classname="AdvanceSelenium.Program_102" name="Smiritimandhana" time="0.012">
    <system-out>
      <![CDATA[India]]>
    </system-out>
  </testcase> <!-- Smiritimandhana -->
  <testcase classname="AdvanceSelenium.Program_102" name="ABDVilers" time="0.004">
    <system-out>
      <![CDATA[South Africa]]>
    </system-out>
  </testcase> <!-- ABDVilers -->
  <testcase classname="AdvanceSelenium.Program_102" name="ABDVilers" time="0.009">
    <system-out>
      <![CDATA[South Africa]]>
    </system-out>
  </testcase> <!-- ABDVilers -->
  <testcase classname="AdvanceSelenium.Program_102" name="Sangakara" time="0.009">
    <system-out>
      <![CDATA[Sri-Lanka-true]]>
    </system-out>
  </testcase> <!-- Sangakara -->
  <system-out>
    <![CDATA[Pakistan
W-Indies
newZealand
newZealand
newZealand
India
South Africa
South Africa
Sri-Lanka-true]]>
  </system-out>
</testsuite> <!-- AdvanceSelenium.Program_102 -->
