<?xml version="1.0" encoding="UTF-8"?>
<!-- Generated by org.testng.reporters.JUnitReportReporter -->
<testsuite hostname="DESKTOP-GC4TJ99" failures="0" tests="5" name="AdvanceSelenium.Program_122" time="96.009" errors="0" timestamp="2023-09-04T06:50:13 GMT-07:00" skipped="0">
  <testcase classname="AdvanceSelenium.Program_122" name="Tc_013" time="6.998">
    <system-out>
      <![CDATA[TestCase_013]]>
    </system-out>
  </testcase> <!-- Tc_013 -->
  <testcase classname="AdvanceSelenium.Program_122" name="Tc_015" time="19.792">
    <system-out>
      <![CDATA[TestCase_015]]>
    </system-out>
  </testcase> <!-- Tc_015 -->
  <testcase classname="AdvanceSelenium.Program_122" name="Tc_012" time="8.684">
    <system-out>
      <![CDATA[TestCase_012]]>
    </system-out>
  </testcase> <!-- Tc_012 -->
  <testcase classname="AdvanceSelenium.Program_122" name="Tc_014" time="12.588">
    <system-out>
      <![CDATA[TestCase_014]]>
    </system-out>
  </testcase> <!-- Tc_014 -->
  <testcase classname="AdvanceSelenium.Program_122" name="Tc_011" time="47.947">
    <system-out>
      <![CDATA[TestCase_11]]>
    </system-out>
  </testcase> <!-- Tc_011 -->
  <system-out>
    <![CDATA[TestCase_16
TestCase_17
TestCase_018
TestCase_11
TestCase_012
TestCase_013
TestCase_014
TestCase_015
TestCase_06
TestCase_07
TestCase_08
TestCase_09
TestCase_10
TestCase_01
TestCase_02
TestCase_03
TestCase_04
TestCase_05]]>
  </system-out>
</testsuite> <!-- AdvanceSelenium.Program_122 -->
