<?xml version="1.0" encoding="UTF-8"?>
<!-- Generated by org.testng.reporters.JUnitReportReporter -->
<testsuite hostname="DESKTOP-GC4TJ99" failures="0" tests="3" name="AdvanceSelenium.Program_104" time="0.018" errors="0" timestamp="2023-08-29T00:23:02 GMT-07:00" skipped="0">
  <testcase classname="AdvanceSelenium.Program_104" name="Testcase_002" time="0.010">
    <system-out>
      <![CDATA[Testcase_002]]>
    </system-out>
  </testcase> <!-- Testcase_002 -->
  <testcase classname="AdvanceSelenium.Program_104" name="Testcase_003" time="0.003">
    <system-out>
      <![CDATA[Testcase_003]]>
    </system-out>
  </testcase> <!-- Testcase_003 -->
  <testcase classname="AdvanceSelenium.Program_104" name="Testcase_001" time="0.005">
    <system-out>
      <![CDATA[Testcase_001]]>
    </system-out>
  </testcase> <!-- Testcase_001 -->
  <system-out>
    <![CDATA[Testcase_004
Testcase_005
Testcase_006
Testcase_001
Testcase_002
Testcase_003
Testcase_007
Testcase_008
Testcase_009]]>
  </system-out>
</testsuite> <!-- AdvanceSelenium.Program_104 -->
