<?xml version="1.0" encoding="UTF-8"?>
<!-- Generated by org.testng.reporters.JUnitReportReporter -->
<testsuite hostname="DESKTOP-GC4TJ99" failures="0" tests="4" name="AdvanceSelenium.orange_hrm" time="65.308" errors="0" timestamp="2023-09-04T11:13:38 GMT-07:00" skipped="0">
  <testcase classname="AdvanceSelenium.orange_hrm" name="TestCases_003" time="14.529">
    <system-out>
      <![CDATA[TestCase_003]]>
    </system-out>
  </testcase> <!-- TestCases_003 -->
  <testcase classname="AdvanceSelenium.orange_hrm" name="TestCases_002" time="16.790">
    <system-out>
      <![CDATA[TestCase_002]]>
    </system-out>
  </testcase> <!-- TestCases_002 -->
  <testcase classname="AdvanceSelenium.orange_hrm" name="TestCase_001" time="19.035">
    <system-out>
      <![CDATA[TestCase_001]]>
    </system-out>
  </testcase> <!-- TestCase_001 -->
  <testcase classname="AdvanceSelenium.orange_hrm" name="TestCases_004" time="14.954">
    <system-out>
      <![CDATA[TestCase_003]]>
    </system-out>
  </testcase> <!-- TestCases_004 -->
  <system-out>
    <![CDATA[Open the chrome Browser
Given the username and password
TestCase_001
Logout the OrgangeHRM Application
Given the username and password
TestCase_002
Logout the OrgangeHRM Application
Given the username and password
TestCase_003
Logout the OrgangeHRM Application
Given the username and password
TestCase_003
Logout the OrgangeHRM Application
Close the Chrome Browser]]>
  </system-out>
</testsuite> <!-- AdvanceSelenium.orange_hrm -->
