<?xml version="1.0" encoding="UTF-8"?>
<!-- Generated by org.testng.reporters.JUnitReportReporter -->
<testsuite hostname="DESKTOP-GC4TJ99" failures="0" tests="1" name="AdvanceSelenium.Program_114" time="0.042" errors="0" timestamp="2023-08-30T01:07:44 GMT-07:00" skipped="0">
  <testcase classname="AdvanceSelenium.Program_114" name="TestCase_001" time="0.042">
    <system-out>
      <![CDATA[Logged sucessfully]]>
    </system-out>
  </testcase> <!-- TestCase_001 -->
  <system-out>
    <![CDATA[Open the Browser
Login
Logged sucessfully
Logout
Close the Browser]]>
  </system-out>
</testsuite> <!-- AdvanceSelenium.Program_114 -->
