<?xml version="1.0" encoding="UTF-8"?>
<!-- Generated by org.testng.reporters.JUnitReportReporter -->
<testsuite hostname="DESKTOP-GC4TJ99" failures="0" tests="2" name="AdvanceSelenium.Program_113" time="0.121" errors="0" timestamp="2023-08-30T01:02:29 GMT-07:00" skipped="0">
  <testcase classname="AdvanceSelenium.Program_113" name="TestCase_001" time="0.077">
    <system-out>
      <![CDATA[Test case-001]]>
    </system-out>
  </testcase> <!-- TestCase_001 -->
  <testcase classname="AdvanceSelenium.Program_113" name="TestCase_001" time="0.044">
    <system-out>
      <![CDATA[Test case-001]]>
    </system-out>
  </testcase> <!-- TestCase_001 -->
  <system-out>
    <![CDATA[open the browser
Test case-001
close the browser
open the browser
Test case-001
close the browser]]>
  </system-out>
</testsuite> <!-- AdvanceSelenium.Program_113 -->
