<?xml version="1.0" encoding="UTF-8"?>
<!-- Generated by org.testng.reporters.JUnitReportReporter -->
<testsuite hostname="DESKTOP-GC4TJ99" failures="0" tests="1" name="AdvanceSelenium.Program_119" time="33.294" errors="0" timestamp="2023-08-31T22:27:54 GMT-07:00" skipped="0">
  <testcase classname="AdvanceSelenium.Program_119" name="TestCase_001" time="33.294">
    <system-out>
      <![CDATA[Logged in Successfully]]>
    </system-out>
  </testcase> <!-- TestCase_001 -->
  <system-out>
    <![CDATA[Open the chrome Browser
Given the username and password
Logged in Successfully
Logout for the application
Close the Browser]]>
  </system-out>
</testsuite> <!-- AdvanceSelenium.Program_119 -->
