<?xml version="1.0" encoding="UTF-8"?>
<!-- Generated by org.testng.reporters.JUnitReportReporter -->
<testsuite hostname="DESKTOP-GC4TJ99" failures="0" tests="6" name="AdvanceSelenium.Program_116" time="0.129" errors="0" timestamp="2023-08-30T01:14:20 GMT-07:00" skipped="0">
  <testcase classname="AdvanceSelenium.Program_116" name="CreateCustomer" time="0.017">
    <system-out>
      <![CDATA[Create the customer]]>
    </system-out>
  </testcase> <!-- CreateCustomer -->
  <testcase classname="AdvanceSelenium.Program_116" name="CreateCustomer" time="0.040">
    <system-out>
      <![CDATA[Create the customer]]>
    </system-out>
  </testcase> <!-- CreateCustomer -->
  <testcase classname="AdvanceSelenium.Program_116" name="CreateCustomer" time="0.028">
    <system-out>
      <![CDATA[Create the customer]]>
    </system-out>
  </testcase> <!-- CreateCustomer -->
  <testcase classname="AdvanceSelenium.Program_116" name="ModifyCustomer" time="0.013">
    <system-out>
      <![CDATA[Modify the customer]]>
    </system-out>
  </testcase> <!-- ModifyCustomer -->
  <testcase classname="AdvanceSelenium.Program_116" name="ModifyCustomer" time="0.010">
    <system-out>
      <![CDATA[Modify the customer]]>
    </system-out>
  </testcase> <!-- ModifyCustomer -->
  <testcase classname="AdvanceSelenium.Program_116" name="DeleteCustomer" time="0.021">
    <system-out>
      <![CDATA[Delete customer]]>
    </system-out>
  </testcase> <!-- DeleteCustomer -->
  <system-out>
    <![CDATA[Open the Browser
Login
Create the customer
Logout
Login
Create the customer
Logout
Login
Create the customer
Logout
Login
Modify the customer
Logout
Login
Modify the customer
Logout
Login
Delete customer
Logout
Close the Browser]]>
  </system-out>
</testsuite> <!-- AdvanceSelenium.Program_116 -->
